2025-11-03 12:47:55,729 - INFO - Loaded students successfully.
2025-11-03 12:47:55,732 - INFO - Saved students successfully.
2025-11-03 13:31:38,863 - INFO - Loaded students successfully.
2025-11-03 13:32:11,256 - ERROR - Error while adding student - invalid JSON
2025-11-03 13:32:53,761 - INFO - Loaded students successfully.
2025-11-03 13:38:04,404 - INFO - Added student: Abhay
2025-11-08 05:33:54,518 - INFO - Loaded students successfully.
2025-11-08 05:33:54,518 - INFO - Loaded 1 student(s) from file.
2025-11-08 05:34:07,040 - INFO - Saved students successfully.
2025-11-08 05:34:07,040 - INFO - Added student: John
2025-11-08 06:05:08,721 - INFO - Loaded students successfully.
2025-11-08 06:05:08,722 - INFO - Loaded 2 student(s) from file.
2025-11-08 06:07:26,342 - INFO - Loaded students successfully.
2025-11-08 06:07:26,343 - INFO - Loaded 2 student(s) from file.
2025-11-08 08:58:25,332 - INFO - Loaded students successfully.
2025-11-08 08:58:25,332 - INFO - Loaded 2 student(s) from file.
2025-11-08 09:01:25,707 - INFO - Loaded students successfully.
2025-11-08 09:01:25,707 - INFO - Loaded 2 student(s) from file.
2025-11-08 09:04:06,775 - INFO - Loaded students successfully.
2025-11-08 09:04:06,775 - INFO - Loaded 1 student(s) from file.
2025-11-08 09:04:26,998 - INFO - Saved students successfully.
2025-11-08 09:04:26,998 - INFO - Updated student record for roll_no 1
2025-11-08 09:30:57,290 - INFO - Loaded students successfully.
2025-11-08 09:30:57,290 - INFO - Loaded 1 student(s) from file.
2025-11-08 09:31:09,019 - INFO - Saved students successfully.
2025-11-08 09:31:09,019 - INFO - Deleted student record for roll_no 1
2025-11-08 09:32:01,809 - INFO - Saved students successfully.
2025-11-08 09:32:01,811 - INFO - Added student: Abhay
2025-11-08 09:32:08,244 - INFO - Saved students successfully.
2025-11-08 09:32:08,244 - INFO - Added student: Riya
2025-11-08 09:32:14,183 - INFO - Saved students successfully.
2025-11-08 09:32:14,184 - INFO - Added student: Amit
2025-11-08 09:32:19,499 - WARNING - Duplicate roll_no 3 attempted.
2025-11-08 09:32:30,838 - WARNING - Duplicate roll_no 2 attempted.
2025-11-08 09:35:56,529 - WARNING - Duplicate roll_no 3 attempted.
2025-11-08 09:36:06,312 - INFO - Saved students successfully.
2025-11-08 09:36:06,312 - INFO - Added student: Priya
2025-11-08 09:36:11,982 - INFO - Saved students successfully.
2025-11-08 09:36:11,982 - INFO - Added student: Rohan
2025-11-08 10:59:08,668 - ERROR - Error while adding student - invalid JSON
2025-11-08 11:05:58,668 - INFO - Loaded students successfully.
2025-11-08 11:05:58,668 - INFO - Loaded 5 student(s) from file.
